<?xml version="1.0" encoding="UTF-8"?>
<testng-results ignored="0" total="1" passed="1" failed="0" skipped="0">
  <reporter-output>
  </reporter-output>
  <suite started-at="2022-12-29T16:34:12 IST" name="Default suite" finished-at="2022-12-29T16:34:18 IST" duration-ms="5354">
    <groups>
    </groups>
    <test started-at="2022-12-29T16:34:12 IST" name="Default test" finished-at="2022-12-29T16:34:18 IST" duration-ms="5354">
      <class name="com.dt.api.Auth.Auth_Session">
        <test-method is-config="true" signature="init()[pri:0, instance:com.dt.api.Auth.Auth_Session@635eaaf1]" started-at="2022-12-29T16:34:12 IST" name="init" finished-at="2022-12-29T16:34:13 IST" duration-ms="859" status="PASS">
          <reporter-output>
          </reporter-output>
        </test-method> <!-- init -->
        <test-method signature="testPost()[pri:0, instance:com.dt.api.Auth.Auth_Session@635eaaf1]" started-at="2022-12-29T16:34:13 IST" name="testPost" finished-at="2022-12-29T16:34:18 IST" duration-ms="4437" status="PASS">
          <reporter-output>
          </reporter-output>
        </test-method> <!-- testPost -->
      </class> <!-- com.dt.api.Auth.Auth_Session -->
    </test> <!-- Default test -->
  </suite> <!-- Default suite -->
</testng-results>
